<?xml version="1.0" encoding="UTF-8"?>
<!-- Generated by org.testng.reporters.JUnitReportReporter -->
<testsuite hostname="DESKTOP-833ND4Q" failures="0" tests="3" name="testSuites.TestCases" time="102.766" errors="0" timestamp="16 May 2022 11:30:39 GMT" skipped="0">
  <testcase classname="testSuites.TestCases" name="hospitalNames" time="83.378"/>
  <testcase classname="testSuites.TestCases" name="TopCities" time="6.927"/>
  <testcase classname="testSuites.TestCases" name="corporateWellness" time="12.461"/>
</testsuite> <!-- testSuites.TestCases -->
